[youtube] Extracting URL: https://www.youtube.com/watch?v=VgbV3s_lcwU&ab_channel=cultopedia
[youtube] VgbV3s_lcwU: Downloading webpage
[youtube] VgbV3s_lcwU: Downloading tv client config
[youtube] VgbV3s_lcwU: Downloading player 612f74a3-main
[youtube] VgbV3s_lcwU: Downloading tv player API JSON
[youtube] VgbV3s_lcwU: Downloading ios player API JSON
[youtube] VgbV3s_lcwU: Downloading m3u8 information
[info] VgbV3s_lcwU: Downloading 1 format(s): 251
[download] Destination: audio.mp3

[download]   0.0% of   40.12MiB at  481.16KiB/s ETA 01:25
[download]   0.0% of   40.12MiB at  650.25KiB/s ETA 01:03
[download]   0.0% of   40.12MiB at    1.40MiB/s ETA 00:28
[download]   0.0% of   40.12MiB at    2.80MiB/s ETA 00:14
[download]   0.1% of   40.12MiB at    5.26MiB/s ETA 00:07
[download]   0.2% of   40.12MiB at    6.95MiB/s ETA 00:05
[download]   0.3% of   40.12MiB at   11.41MiB/s ETA 00:03
[download]   0.6% of   40.12MiB at   17.74MiB/s ETA 00:02
[download]   1.2% of   40.12MiB at   27.52MiB/s ETA 00:01
[download]   2.5% of   40.12MiB at   41.54MiB/s ETA 00:00
[download]   5.0% of   40.12MiB at   30.70MiB/s ETA 00:01
[download]  10.0% of   40.12MiB at   45.53MiB/s ETA 00:00
[download]  19.9% of   40.12MiB at   45.10MiB/s ETA 00:00
[download]  24.5% of   40.12MiB at   45.90MiB/s ETA 00:00
[download]  24.5% of   40.12MiB at  Unknown B/s ETA Unknown
[download]  24.5% of   40.12MiB at  Unknown B/s ETA Unknown
[download]  24.5% of   40.12MiB at  Unknown B/s ETA Unknown
[download]  24.5% of   40.12MiB at  Unknown B/s ETA Unknown
[download]  24.5% of   40.12MiB at   26.28MiB/s ETA 00:01  
[download]  24.6% of   40.12MiB at   42.69MiB/s ETA 00:00
[download]  24.8% of   40.12MiB at   68.84MiB/s ETA 00:00
[download]  25.1% of   40.12MiB at    9.53MiB/s ETA 00:03
[download]  25.7% of   40.12MiB at   17.64MiB/s ETA 00:01
[download]  27.0% of   40.12MiB at   28.58MiB/s ETA 00:01
[download]  29.4% of   40.12MiB at   45.09MiB/s ETA 00:00
[download]  34.4% of   40.12MiB at   52.01MiB/s ETA 00:00
[download]  44.4% of   40.12MiB at   57.48MiB/s ETA 00:00
[download]  49.2% of   40.12MiB at   53.94MiB/s ETA 00:00
[download]  49.2% of   40.12MiB at  Unknown B/s ETA Unknown
[download]  49.2% of   40.12MiB at  Unknown B/s ETA Unknown
[download]  49.3% of   40.12MiB at  Unknown B/s ETA Unknown
[download]  49.3% of   40.12MiB at  Unknown B/s ETA Unknown
[download]  49.3% of   40.12MiB at   25.93MiB/s ETA 00:00  
[download]  49.4% of   40.12MiB at   42.60MiB/s ETA 00:00
[download]  49.5% of   40.12MiB at   71.82MiB/s ETA 00:00
[download]  49.9% of   40.12MiB at    4.08MiB/s ETA 00:04
[download]  50.5% of   40.12MiB at    7.94MiB/s ETA 00:02
[download]  51.7% of   40.12MiB at   14.51MiB/s ETA 00:01
[download]  54.2% of   40.12MiB at   24.91MiB/s ETA 00:00
[download]  59.2% of   40.12MiB at   35.98MiB/s ETA 00:00
[download]  69.2% of   40.12MiB at   36.86MiB/s ETA 00:00
[download]  73.2% of   40.12MiB at   31.17MiB/s ETA 00:00
[download]  73.2% of   40.12MiB at  Unknown B/s ETA Unknown
[download]  73.2% of   40.12MiB at  Unknown B/s ETA Unknown
[download]  73.2% of   40.12MiB at    6.35MiB/s ETA 00:01  
[download]  73.3% of   40.12MiB at    9.96MiB/s ETA 00:01
[download]  73.3% of   40.12MiB at   16.50MiB/s ETA 00:00
[download]  73.4% of   40.12MiB at   28.44MiB/s ETA 00:00
[download]  73.5% of   40.12MiB at   49.33MiB/s ETA 00:00
[download]  73.8% of   40.12MiB at   82.18MiB/s ETA 00:00
[download]  74.5% of   40.12MiB at   92.07MiB/s ETA 00:00
[download]  75.7% of   40.12MiB at   36.68MiB/s ETA 00:00
[download]  78.2% of   40.12MiB at   54.08MiB/s ETA 00:00
[download]  83.2% of   40.12MiB at   59.71MiB/s ETA 00:00
[download]  93.2% of   40.12MiB at   66.64MiB/s ETA 00:00
[download]  97.4% of   40.12MiB at   67.60MiB/s ETA 00:00
[download]  97.4% of   40.12MiB at  Unknown B/s ETA Unknown
[download]  97.4% of   40.12MiB at  Unknown B/s ETA Unknown
[download]  97.4% of   40.12MiB at    6.37MiB/s ETA 00:00  
[download]  97.4% of   40.12MiB at   11.13MiB/s ETA 00:00
[download]  97.4% of   40.12MiB at   19.21MiB/s ETA 00:00
[download]  97.5% of   40.12MiB at   33.33MiB/s ETA 00:00
[download]  97.7% of   40.12MiB at   58.51MiB/s ETA 00:00
[download]  98.0% of   40.12MiB at   80.46MiB/s ETA 00:00
[download]  98.6% of   40.12MiB at   69.18MiB/s ETA 00:00
[download]  99.8% of   40.12MiB at   78.32MiB/s ETA 00:00
[download] 100.0% of   40.12MiB at   79.61MiB/s ETA 00:00
[download] 100% of   40.12MiB in 00:00:01 at 40.08MiB/s  
[ExtractAudio] Destination: audio.mp3.mp3
Deleting original file audio.mp3 (pass -k to keep)
Transcribiendo audio...
python : Traceback (most recent call last):
At line:1 char:1
+ python code\Try2.py 2>&1 | Out-File -FilePath output2.txt -Encoding u ...
+ ~~~~~~~~~~~~~~~~~~~~~~~~
    + CategoryInfo          : NotSpecified: (Traceback (most recent call last)::String) [], RemoteException
    + FullyQualifiedErrorId : NativeCommandError
 
  File "C:\Users\PC\Documents\code\Audio a video\yt_audio_env\Lib\site-packages\whisper\audio.py", line 58, in load_audio
    out = run(cmd, capture_output=True, check=True).stdout
          ~~~^^^^^^^^^^^^^^^^^^^^^^^^^^^^^^^^^^^^^^
  File "C:\Program Files\WindowsApps\PythonSoftwareFoundation.Python.3.13_3.13.1008.0_x64__qbz5n2kfra8p0\Lib\subprocess.py", line 577, in run
    raise CalledProcessError(retcode, process.args,
                             output=stdout, stderr=stderr)
subprocess.CalledProcessError: Command '['ffmpeg', '-nostdin', '-threads', '0', '-i', 'audio.mp3', '-f', 's16le', '-ac', '1', '-acodec', 'pcm_s16le', '-ar', '16000', '-']' returned non-zero exit status 4294967294.

The above exception was the direct cause of the following exception:

Traceback (most recent call last):
  File "C:\Users\PC\Documents\code\Audio a video\code\Try2.py", line 63, in <module>
    result = model.transcribe(AUDIO_FILE)
  File "C:\Users\PC\Documents\code\Audio a video\yt_audio_env\Lib\site-packages\whisper\transcribe.py", line 139, in transcribe
    mel = log_mel_spectrogram(audio, model.dims.n_mels, padding=N_SAMPLES)
  File "C:\Users\PC\Documents\code\Audio a video\yt_audio_env\Lib\site-packages\whisper\audio.py", line 140, in log_mel_spectrogram
    audio = load_audio(audio)
  File "C:\Users\PC\Documents\code\Audio a video\yt_audio_env\Lib\site-packages\whisper\audio.py", line 60, in load_audio
    raise RuntimeError(f"Failed to load audio: {e.stderr.decode()}") from e
RuntimeError: Failed to load audio: ffmpeg version 7.1.1-full_build-www.gyan.dev Copyright (c) 2000-2025 the FFmpeg developers

  built with gcc 14.2.0 (Rev1, Built by MSYS2 project)

  configuration: --enable-gpl --enable-version3 --enable-static --disable-w32threads --disable-autodetect --enable-fontconfig --enable-iconv --enable-gnutls --enable-lcms2 --enable-libxml2 --enable-gmp --enable-bzlib --enable-lzma --enable-libsnappy 
--enable-zlib --enable-librist --enable-libsrt --enable-libssh --enable-libzmq --enable-avisynth --enable-libbluray --enable-libcaca --enable-libdvdnav --enable-libdvdread --enable-sdl2 --enable-libaribb24 --enable-libaribcaption --enable-libdav1d 
--enable-libdavs2 --enable-libopenjpeg --enable-libquirc --enable-libuavs3d --enable-libxevd --enable-libzvbi --enable-libqrencode --enable-librav1e --enable-libsvtav1 --enable-libvvenc --enable-libwebp --enable-libx264 --enable-libx265 --enable-libxavs2 
--enable-libxeve --enable-libxvid --enable-libaom --enable-libjxl --enable-libvpx --enable-mediafoundation --enable-libass --enable-frei0r --enable-libfreetype --enable-libfribidi --enable-libharfbuzz --enable-liblensfun --enable-libvidstab 
--enable-libvmaf --enable-libzimg --enable-amf --enable-cuda-llvm --enable-cuvid --enable-dxva2 --enable-d3d11va --enable-d3d12va --enable-ffnvcodec --enable-libvpl --enable-nvdec --enable-nvenc --enable-vaapi --enable-libshaderc --enable-vulkan 
--enable-libplacebo --enable-opencl --enable-libcdio --enable-libgme --enable-libmodplug --enable-libopenmpt --enable-libopencore-amrwb --enable-libmp3lame --enable-libshine --enable-libtheora --enable-libtwolame --enable-libvo-amrwbenc 
--enable-libcodec2 --enable-libilbc --enable-libgsm --enable-liblc3 --enable-libopencore-amrnb --enable-libopus --enable-libspeex --enable-libvorbis --enable-ladspa --enable-libbs2b --enable-libflite --enable-libmysofa --enable-librubberband 
--enable-libsoxr --enable-chromaprint

  libavutil      59. 39.100 / 59. 39.100

  libavcodec     61. 19.101 / 61. 19.101

  libavformat    61.  7.100 / 61.  7.100

  libavdevice    61.  3.100 / 61.  3.100

  libavfilter    10.  4.100 / 10.  4.100

  libswscale      8.  3.100 /  8.  3.100

  libswresample   5.  3.100 /  5.  3.100

  libpostproc    58.  3.100 / 58.  3.100

[in#0 @ 0000024d8751e980] Error opening input: No such file or directory

Error opening input file audio.mp3.

Error opening input files: No such file or directory


