[youtube] Extracting URL: https://www.youtube.com/watch?v=VgbV3s_lcwU&ab_channel=cultopedia
[youtube] VgbV3s_lcwU: Downloading webpage
[youtube] VgbV3s_lcwU: Downloading tv client config
[youtube] VgbV3s_lcwU: Downloading tv player API JSON
[youtube] VgbV3s_lcwU: Downloading ios player API JSON
[youtube] VgbV3s_lcwU: Downloading m3u8 information
[info] VgbV3s_lcwU: Downloading 1 format(s): 251
[download] audio.mp3 has already been downloaded

[download] 100% of   45.98MiB
[ExtractAudio] Not converting audio audio.mp3; file is already in target format mp3
Transcribiendo audio...
python : 
At line:1 char:1
+ python code\Try2.py 2>&1 | Out-File -FilePath output2.txt -Encoding u ...
+ ~~~~~~~~~~~~~~~~~~~~~~~~
    + CategoryInfo          : NotSpecified: (:String) [], RemoteException
    + FullyQualifiedErrorId : NativeCommandError
 
  0%|                                               | 0.00/139M [00:00<?, ?iB/s]
  3%|#2                                    | 4.72M/139M [00:00<00:03, 46.1MiB/s]
  7%|##5                                   | 9.12M/139M [00:00<00:03, 44.0MiB/s]
 10%|###6                                  | 13.3M/139M [00:00<00:03, 40.3MiB/s]
 12%|####7                                 | 17.2M/139M [00:00<00:03, 38.9MiB/s]
 15%|#####7                                | 20.9M/139M [00:00<00:03, 37.1MiB/s]
 18%|######7                               | 24.5M/139M [00:00<00:03, 35.5MiB/s]
 20%|#######6                              | 27.9M/139M [00:00<00:03, 30.4MiB/s]
 22%|########4                             | 30.9M/139M [00:00<00:03, 30.8MiB/s]
 24%|#########3                            | 33.9M/139M [00:01<00:03, 30.8MiB/s]
 27%|##########1                           | 37.1M/139M [00:01<00:03, 31.5MiB/s]
 29%|###########1                          | 40.7M/139M [00:01<00:03, 32.8MiB/s]
 33%|############4                         | 45.3M/139M [00:01<00:02, 37.2MiB/s]
 35%|#############4                        | 48.9M/139M [00:01<00:02, 35.3MiB/s]
 39%|##############8                       | 54.0M/139M [00:01<00:02, 39.3MiB/s]
 44%|################6                     | 60.6M/139M [00:01<00:01, 47.8MiB/s]
 47%|#################8                    | 65.2M/139M [00:01<00:01, 40.0MiB/s]
 50%|###################1                  | 69.7M/139M [00:01<00:01, 41.7MiB/s]
 55%|####################7                 | 75.8M/139M [00:02<00:01, 47.5MiB/s]
 58%|######################                | 80.5M/139M [00:02<00:01, 44.8MiB/s]
 61%|#######################3              | 84.9M/139M [00:02<00:01, 38.4MiB/s]
 64%|########################3             | 88.9M/139M [00:02<00:01, 36.4MiB/s]
 67%|#########################3            | 92.5M/139M [00:02<00:01, 35.7MiB/s]
 69%|##########################3           | 96.0M/139M [00:02<00:01, 34.5MiB/s]
 72%|###########################2          | 99.4M/139M [00:02<00:01, 33.7MiB/s]
 74%|############################8          | 103M/139M [00:02<00:01, 32.4MiB/s]
 77%|#############################9         | 106M/139M [00:03<00:00, 33.9MiB/s]
 79%|##############################8        | 110M/139M [00:03<00:00, 32.5MiB/s]
 81%|###############################7       | 113M/139M [00:03<00:00, 32.9MiB/s]
 84%|################################6      | 116M/139M [00:03<00:00, 32.9MiB/s]
 86%|#################################6     | 119M/139M [00:03<00:00, 33.7MiB/s]
 90%|###################################1   | 125M/139M [00:03<00:00, 39.9MiB/s]
 93%|####################################3  | 129M/139M [00:03<00:00, 40.4MiB/s]
 96%|#####################################4 | 133M/139M [00:03<00:00, 32.4MiB/s]
 98%|######################################3| 136M/139M [00:03<00:00, 30.9MiB/s]
100%|#######################################| 139M/139M [00:04<00:00, 35.9MiB/s]
Transcripcion:  Hoy entramos en el mundo del medio oriental. Buenas. Hoy vamos a entrar en un universo complejo, maravilloso, lleno de importancia hist¾rica, lleno de aportes, a todo nuestro proceso de lo que hoy llamamos culturas y de lo que hoy llamamos civilizaciones. Es un territorio que se encuentra en un profundo conflicto en este momento y los peligros text = result["text"]
text = remover_tildes(text)
print("Transcripción:", text)
text = result["text"]
text = remover_tildes(text)
print("Transcripción:", text)
 que se siernen sobre Úl son enormes. Pero cuando los pueblos estßn en conflictos, suelen verse solamente, sus diferencias, sus conflictos y sus contradicciones y sus asperesas y suelen dejarse de lado sus magnificencias, sus importancias, sus alegrÝas, sus culturas y sus civilizaciones como si s¾lo el conflicto protagonizar a la existencia humana. Es una parte de la vida, pero no es la vida misma. Esta que vamos a dar en la historia de una regi¾n, no es la historia de un paÝs ni de un pueblo en particular, es la historia de una regi¾n donde nace en las religiones monoteÝstas del mundo, una regi¾n donde estßn los fundamentos ·ltimos de lo que nosotros llamamos civilizaci¾n y cultura, una regi¾n que en conjunto conocemos como el medio oriente. Estamos entrando en un capÝtulo gigantesco y complejo, atravesado por toda clase de circunstancias desde la Biblia, pasando por el Corßn, por el Petr¾leo, por los pozos de Agua, por la magnificencia de Lawrence, de Arabia, por toda la cantidad de situaciones que han atravesado estos pueblos, pueblos muy antiguos, registrados en la historia desde hace mßs de cuatro mil a±os antes de Cristo, pueblos que inventaron la escritura con las tablillas cune deiformes, pueblos donde se descubri¾ la primera leyenda en la historia de la civilizaci¾n humana, escrita alguna vez que es la leyenda de Gilgamesh y la b·squeda de la inmortalidad. E inclusive hemos clasificado entre historia y prehistoria, el momento en que el hombre da el salto hacia la escritura y es capaz de consignar por escrito aquello que ha vivido y de esa manera formar un legado que las civilizaciones futuras puedan tomar como referencia de la testimonio del paso de ese pueblo por la historia. Ese proceso lo hace aquÝ, la gente del medioreiente, con las tablillas cune deiformes. Esto tiene una serie de Ejes, porque el medioreiente es Mesopotamia, es el paÝs de los Dorrillos, el Tigris y el Eufrates, estß hoy llamado Irak, es tambiÚn la palestina, ese valle que queda entre el valle del RÝo Cordßn y el Mediterrßneo en Canadß, son las tierras de Canadß, son las monta±as de Arat, el primer bonte Arat donde se detuvo el Arca de NoÚ, donde estß la primera referencia bÝblica y ademßs donde es la monta±as sagrada, es uno de los montes mßs importantes, queda en el lÝmite entre lo que hoy es TurquÝa, lo que hoy es Armenia y lo que hoy es Irßn, ese primer bonte es uno de los montes mßs importantes en la historia de ellos, unos le dicen el monte del dolor, otro le dicen, son es un monte absolutamente poderoso que todos reivindican como sagrado y ahÝ es donde empiezan parte de los relatos, los turcolos llaman el monte del dolor, los curdos porque hay que dar curvistßn tambiÚn, parte del curvistßn, los llaman el monte del fuego, ese se monte Arat donde primero encontramos que tiene 5137 metros de altura donde se pos¾ el Arca y donde van apareciendo las leyendas, en todas estas historias nos aparecerßn los patriarcas, nos aparecerßn los grandes conductores de pueblos, veremos en los ciudades donde estßn enterrados Sara y Abraham y Isaac, veremos los puntos donde el profeta descans¾ y donde el profeta dijo, veremos la osiguraz Senadoraci¾n a los dioses, veremos a Baal, veremos a los grandes dioses y las grandes ciudades, Babil que serÝa la Babilonia, todos estos territorios y estas referencias van a llegar a nosotros a travÚs de una serie por los desiertos, el clima hora es el desierto, son esas arenas, las tormentas de arena, estaremos buscando los pozos de agua, veremos los fÚrtiles valles del Tigris y el Eufrata es la ·nica regi¾n irrigada y por eso medial una fÚrtil en los tierras de los desiertos, veremos tambiÚn como conlindan con la historia de los egipcios que teniendo una civilizaci¾n totalmente aparte, va a entrar en conjunci¾n con este mundo, porque algunos factores la unirßn a Úl como serß el islami como serß en un momento dado las diferentes expansiones, lo que vamos a narrar, es tan fascinante, tan misterioso, tan complejo que ha rodeado durante siglos, nuestro referente de los sagrados, son los territorios del mediorente, pero entonces cuando decimos mediorente y los estamos invitando y les estamos diciendo bienvenidos al mediorente, donde nos vamos a instalar en el relato despuÚs de haber atravesado la gigantesca india de la mano de Krishna, de Vishnu y de Rama, ahora nos vamos para las tierras de Maoma, dar a las tierras del profeta, para las tierras de Yabey, para las tierras donde nacen las grandes religiones monoteÝstas actuales, cuando decimos mediorente decimos con respecto a quÚ, medio entre quÚ y quÚ o como de d¾nde o por quÚ, resulta que los imperios, todos los imperios se han creÝdo en un momento dado el centro del mundo, Machu Picchu era el centro del mundo, Kusku era el centro del mundo, China era el centro del mundo, todo el que es imperio se consiera centro del mundo, que es parte de lo que significa ser imperio, que significa que las civilizaciones en un momento dado confluyen alrededor de un pueblo que ha desarrollado un alto nivel de cualquier cosa, de desarrollo tÚcnico, de cualquiera de las posibilidades de los imperios, en el siglo XIX el imperio, lo que llaman el imperio del siglo XIX, pues adivinen quiÚn era Inglaterra, la Gran Breta±a dominaba el mundo de tal manera que a comienzos a finales del siglo XIX y comienzos del siglo XX, uno de cada cuatro habitantes del planeta Tierra, era s·bdito de la Reina Victoria, entonces cuando los ingleses desarrollan semejante, poderÝo tan grande, pues como ellos son los cart¾grafos, los que van a ser los mapas y los que van a atravesar el mundo y los mares, van a designar de acuerdo con su posici¾n geogrßfica, la situaci¾n del mundo, entonces les qued¾ de la siguiente manera, ellos son occidentes, ┐cierto? entonces pues partimos de la base de que ellos son occidentes, esas clasificaciones de occidente de Oriente vienen tambiÚn del tÚrmino francÚs, que significaba levante y poniente, entonces ellos vienen de y las clasificaciones de este oeste, entonces ellos estßn situados a lo este, ┐certo? Ellos se definen como centro, entonces lo que queda a lo este de ellos es lo que se va a llamar occidente, si ellos controlaban toda la superficie de la Tierra dominaban los ocÚanos, controlaban en ese momento una parte importante y la cuarta parte de toda la superficie terrestre, la controlaban los ingleses y encambi¾ los ocÚanos todos, entonces desde ahÝ por ellos tranquilamente se ponen a ubicar la cosa y les queda ellos como tal, son occidente, entonces lo que les queda mßs cerca es el Oriente pr¾ximo, si lo que les queda mßs lejos es el lejano oriente, entonces el oriente pr¾ximo en un principio cuando empezaron a utilizar el tÚrmino oriente pr¾ximo, se referÝa a lo que les quedara al oriente prßcticamente de Balkanes Pallß, lo que significa en primer lugar pues la penicula balkßnica, o sea Grecia, la lluvueldavia, la emas edonia, todo esa parte de lo que en ese momento estaba convirtiendo en los reinos y luego en las federaciones de lluvueldavia, esa parte, luego la Natolia, lo que hoy es TurquÝa, Egipto, todo eso era lo que se llamaba el oriente pr¾ximo, lo que significa Balkanes y Anatolia y Egipto, esa esquina del mapa, donde estamos, nos encontramos con el ·ltimo rinc¾n oriental del Mediterrßneo, entonces el tÚrmino oriente en latino, es una designaci¾n latina significa amanecer, entonces allß en el oriente que era la amanecer, es donde yo lo definen, esa era la primera parte, el lejano oriente desde el punto de vista de Inglaterra, pues es China, Jap¾n y el Sudeste de Lacia, al otro lado por que es el extremo, y lo que quedaba en la mitad, que era Irßn, Irß, Casia, Central, hasta un pedazo de la India en un momento dado lo llamaban medio, porque quedaba entre el pr¾ximo, que era la Europa inmediatamente a su oriente, y entre el lejano que eran China, Jap¾n y el Sudeste asißtico, cuando el imperio turco o tomano se disuelve y se lo reparten entre los ingleses y los franceses en 1920, los europeos orientales no quisieron quedar en la categorÝa del oriente pr¾ximo, sino en la categorÝa de europeos, porque ellos de todas maneras son parte de la historia de Europa, esos europeos orientales pero no son pr¾ximos orientes, sino en Europa oriental, entonces se corri¾ un poquito mßs la categorÝa y lo que antes era medio, digamos, qued¾, no qued¾ un oriente pr¾ximo sino que un oriente medio, ese oriente medio cogieron toda la categorÝa los que estaban ahÝ y nos qued¾ de la siguiente manera, eso se volvi¾ una regi¾n, ya despuÚs del imperio turco van a quedar lo que es todo lo que es la penÝnsula rßbica, de lo que es Egipto y lo que es el rinc¾n del Mediterrßneo, y todo eso parte va a ser el medio oriente, como esa parte va a quedar la mayorÝa bajo la civilizaci¾n islßmica, entonces despuÚs se identific¾ el medio oriente con la civilizaci¾n islßmica, con el mundo musulmßn, por eso hay gente que a veces mete en la categorÝa del medio oriente hasta Marrueco, lo cual ya es, digamos, son musulmanes pero no es oriental y eso ya estßn limitando con Espa±a. Toda la cosa qued¾ en los paÝses que musulmanes que quedan en el medio oriente, el medio oriente geogrßficamente hablando, es un pedazo de tierra que pega y ahÝ tambiÚn su grandesa y su drama, pega tres continentes, usted coge el mapa de Asia, Europa y ┴frica, Asia, Europa y ┴frica estßn pegadas por un bloque de tierra, que tiene varias penÝnsulas, una de las cuales es TurquÝa y otra de las cuales es la penÝnsula rßbica. Ese pegue, ese, digamos, como esa, ese punto de uni¾n, hace que usted, eso es un corredor, porque para cualquier cosita que usted neite cualquier mandado que neite hacer usted en Asia, en ┴frica o en Europa, te hay que pasar por el medio oriente para cualquier cosa que se le ofresca. Eso lo hace, el corredor del mundo antiguo y como tal el mundo antiguo les pasarß por encima. Actualmente, despuÚs de toda la cantidad de cosas que les han pasado, porque estos pueblos generaron los primeros imperios, esos imperios se sucedieron unos a otros, compartieron una cantidad de historias comunes, son pueblos de origen y diferentes, de razas diferentes, pero que quedaron montados en una historia com·n, actualmente lo que llamamos medio oriente como tal, comprende los paÝses que en este momento se llaman Irßn, Irak, Israel, Jordania, Kuwait, LÝvanu, Oman, Qatar, Bahrain, Syria y Yemen. Eso bßsicamente lo que llamamos medio oriente actual en la actualidad. Es decir, nos va a llegar hasta la parte de Irßn, que ya Irßn es el punto de contacto entre el medio oriente y el Asia Central, pero nos va a arrancar en la esquina del Mediterrßneo y es lo que nos va a dar toda la parte del medio oriente. Entonces, ahÝ de ese combo que hoy llamamos medio oriente, los iranÝes, los persas no son ßrabes, ellos no son ßrabes, ellos no son semitas, ellos no hablan ßrabe, ellos son parz·as, ellos hablan la lengua Farsi, ellos vienen de los sonadores de Sorobastro, ellos vienen de otro tiempo hist¾rico y vienen de la meseta, de la gran meseta irßnea, ellos vienen de los arios, son completamente distintos a todo el combo, sino que estßn en esa regi¾n, y ahÝ fueron un imperio tan grande, tan grande, tan grande que en un momento unificaron toda la antig³edad, es decir, todos los paÝses antes mencionados hasta llegar a la India, pertenecieron al imperio persa en un momento de su historia, porque durante 200 a±os el imperio persa se extendi¾ hacia la India por el oriente y hasta agresÝa por el Occidente. Entonces, todo formaron parte de Úl en alg·n momento, cada uno de estos pueblos, Arabia Saudita, BareÝn, Emirates, ┴rea, Bessunidos, todos esos pueblos forman parte del medio oriente, y ademßs de las regiones aut¾nomas actualmente, SÝsjordania y la Franja de Gaza, que son la autonomÝa palestina, todo eso es medio oriente, desde Arabia Saudita, desde BareÝn, desde los Emiratos, desde Irßn, todo eso es el medio oriente, entonces esos pueblos tienen diferentes orÝgenes hist¾ricos, y tienen diferentes tiempos de aparici¾n en la tierra, de esos pueblos, por ejemplo, los mßs antiguos, son lo que corresponde a Iraq, porque Iraq, que es el paÝs de los dos rÝos, ahÝ quedan el Tigris y el Eufrates, y entre el Tigris y el Eufrates apareci¾ la primera de las mßs antig³as civilizaciones hasta ahora conocidas, hay que recordar siempre cuando estamos hablando de la remota antig³edad, que el remoto pasado, tanto como el futuro es provisional, que siempre puede aparecer un hueso, una vacija, una tinaja o un medall¾n, 4.000 a±os mßs viejo de lo que pensßbamos y desvirtuar las teorÝas que hasta el momento conocemos, entonces siempre todo de tu arqueol¾gico es provisional, porque es asÝ hasta que no aparezca otro que nos de informaci¾n diferente a la registrada, hasta donde sabemos, la primera civilizaci¾n es sumerÝa, y sumerÝa queda ahÝ en el valle de los dos rÝos. Entonces estos dos rÝos, que son el Tigris y el Eufrates, nacen en TurquÝa, y se van adentrando por todo el territorio y van a desembocar en el Golfo PÚrsico. Entonces ahÝ esos dos rÝos, que vienen el rÝo de la Palabra Eufrates, fue destinada por los griegos y significa delicia, porque en una delicia encontrar el rÝo tan bonito despuÚs de que usted lleva a travÚs Anduel, que deshierto y llegßis encuentra un rÝo todo ferte y todo hermoso, pues la delicia, el Eufrates. Todos los nombres, la mayorÝa de los nombres que amaron son griegos, los griegos llamaron al mundo, lo bautizaron y le pusieron como ellos dicen que el mundo se llama. Entonces, es el Eufrates. El Tigris significa Tigre, porque es rßpidÝsimo, se tiene unos rßpidos y hay unas partes que no son navegables, pero es pezante por la velocidad. Entonces lo llamaron el Tigre, pero tambiÚn hay nombres persas, el nombre persa para Eufrates, es Ufratos, que significa RÝo Anchev, y el nombre persa para Tigris, tambiÚn Tigris, pero significa Fletcha. Entonces, allß surge Sinar, es Sumer, es como la conocemos, es ya la desembocadura, y entre el Tigris y el Eufrates y en la VÝdea conocemos como Sinar. Esa es la primera civilizaci¾n de todas, de todas todas todas, es la primera es SumerÝa, y ahÝ estamos hablando mßs o menos, porque siempre es toda arqueologÝa es provisional de a±o 4.000 antes de Cristo. DespuÚs de esa ciudad, y despuÚs de esa gran civilizaci¾n de la que hablaremos en su tiempo, cuando contemos las historias de Gilgamesh como la descubrieron y que se sabe de ella, despuÚs de esa va a venir otra ciudad que va a ser una ciudad importantÝsima durante 2.500 a±os. Esa ciudad se llamarÝa Babili, que significa puerta de Dios. Los judÝos llamaron a esa ciudad, Babel y los Griegos la llamaron Babil¾n, y se conoci¾ como Babilonia, y esa fue una ciudad muy poderosa durante 2.500 a±os, tambiÚn en el valle del Tigris y el Eufrates. En el valle del Tigris y el Eufrates, las civilizaciones se suceden unas a otras. Los imperios van pasando unos sobre otros, porque como es la ·nica regi¾n fÚrtil, de todo el desierto que la rodea, todo el mundo se peri¾ esa zona, y por eso los imperios no duraban mucho tiempo, porque otros pueblos se fortalecÝan, se convertÝan a su vez en imperios, sometÝan a estos, y los otros volvÝan y se recuperaban y le pasaban por encima y asÝ. Entonces, el tiempo de duraci¾n de esos imperios es discontinuo, porque otros van llegando y se van montando por encima de esos imperios. Entonces, allß de donde nace en absolutamente todos, y los focos de civilizaci¾n van surgiendo alrededor de los rÝos. Todos los focos de civilizaciones estßn bßsicamente alrededor del Tigris y el Eufrates, alrededor del rÝo amarillo en la China, alrededor del ganjes en la India, alrededor del nilo en Egipto, es digamos donde van surgiendo los focos de las civilizaciones del mundo antiguo, como nosotros sabemos de Úl hasta ahora. Estos dos rÝos van a generar una tierra muy fÚrtil, y esa tierra muy fÚrtil se va a llamar entre dos rÝos, porque hay donde estß situada, los griegos la designaron Mesopotamia, porque significa en la mitad meso de los potamos de los rÝos. Entonces, en la mitad de estos dos rÝos es que estß sumer, de sumer sabemos desde el a±o 4.000, hasta el a±o 2000, mßs o menos en que se desvanece. Y desde el a±o 2000 es que sabemos de Babil, que es la Babilonia que va a ser durante dos mil 500 a±os, la ciudad mßs importante, a·n hasta los tiempos en que los herederos de Alejandro Magno llegan a esta regi¾n, y ya entonces se desvanecÝa en el mar de los tiempos, pero durante dos mil 500 a±os esa fue la ciudad. Como la Babilonia, era un sÝntoma, digamos, significa en las ascepciones que la cultura tiene de ella, significa una mezcla de progreso, civilizaci¾n, corrupci¾n, vicios, placeres, estß asociada a una forma de vivir farenÚtica y rapaz, en la cual se daba un desenfreno casi loco. Es como se tiene una imagen de Babilonia. Hoy por hoy, los rastafaris, la gente que viene de las religiones de teopÝa y de jamßs yca, se refiere a los entros de civilizaci¾n occidental, a las grandes capitales del mundo financiero industrial de la actualidad como la Babilonia. Por eso la llaman la Babilonia en sus canciones, por eso por mal, se refiere a ellas como la Babil¾n, o Manu Negra llamaba un disco casa a Babilonia, por eso. Hoy por hoy, los grandes centros como Londres, como ParÝs, como Nueva York, para ellos son la Babilonia, porque ellos se sienten en las afueras de lo que hoy son los mundos industriales. Es una ciudad mÝtica, porque queda metida en la historia, como la ascepci¾n de muchas formas de entender la civilizaci¾n tanto desde su grandeza como desde sus miserias, desde una u otra manera, se refieren a ella como la Babil¾n, la Babilonia. Entonces, esto sucede en el paÝs de los dos rÝos en la Mesopotamia, y ahÝ van surgiendo los imperios, se suceden unos a otros. Hay ya habÝa unos pueblos que estaban bajo el dominio de la Babil¾n, que surgen mßs o menos en el a±o 1500, tambiÚn antes de Cristo y adoraban a un Dios que se llamaba Azur. Eso serß unos pueblos bastante rinconados, y no tenÝan asÝ tampoco mucha gracia, pero se fueron convirtiendo cada vez mßs en pueblos que se fortalecieron militarmente. Y en un momento dado, ya hacia el a±o 700, antes de Cristo se habÝan conquistado toda la Babilonia y de una de la anecha humana a Siria y a Rael y Egipto, y eso ya era gobernar todo el Oriente Medio, pero aquÝ ahora se fueron estos tan lejos, y como eran particularmente crueles, ser considerado cruele en esa Úpoca, pues eran palabras mayores, porque la cosa era lovestia, y tambiÚn bastante palo. Entonces, si estos les parecÝan crueles a los Babil¾nios y a los demßs, eran unos tipos bastante rudos. Estos que fueron considerados tan rudos en su Úpoca y que por eso fueron despreciados y por eso cuando se destruy¾ su capital, esa se le destruy¾ totalmente, estos que adoraban a Azur, fueron llamados por los griegos a Siria, y asÝ es como ellos estßn registrados en la Biblia, el imperio Asirio, y ese imperio Asirio traslad¾ su capital de la ciudad de Azur a la ciudad de Nineveh, que es la que estß remontando el Tigris en el paÝs de los DorrÝos. Entonces, ahÝ estuvo Azur y estuvo Nineveh, pero como esta gente era tan cruele y tan brutal en su sometimiento cuando a Nineveh la destruyeron, eso no dejaron piedras sobre piedra, y ahÝ pasaron estos los Asirios, y ahÝ pasaron los Babil¾nios, y ahÝ pasaron los Sumerios, y todo eso pasa en el mismo lugar, en la mitad de los DorrÝos, en el paÝs de los DorrÝos, que hoy conocemos como Irak. Al Oriente de la Mesopotamia, Provediente de una Nezeta, grandÝsima, que queda al Oriente, la se aparte, al Oriente y hacia Norte, hay un pueblo muy antiguo, que es el pueblo de los Iranios. Ese pueblo es Aryo, son los primeros Aryos, y esos Aryos, son los que van a bajar tambiÚn a la India, y van a protagonizar todo el episodio de los Vedas, y van a conformar la Casta de los Brahmannitos, son los mismos Aryos. Ese paÝs de los Aryos se llama Irßn. Estos mßs o menos a±os, dos mil quinientos antes de Cristo, cuando aparecen en esas mesetas, ellos van a ser adoradores, mßs adelante de una religi¾n, que adora los fuego sagrados, que broma, y los sagrados, que brotan de la tierra, sin que nadie los encienda. Ellos van a ser los pueblos de Aura Mazda, y los pueblos de Sorobastro, y Aryman. Aura Mazda es el que va a tener a su hijo Sorobastro, y a su hijo Ariman, que va a desafiar a su padre, se va a enfrentar hacia Úl, y va a entrar en los dominios del mal, y las fuerzas se enteren bien y el mal, representadas en su hijo Sorobastro, tambiÚn llamados Aratustra, y en su hijo Ariman estarßn siempre en Pugna, hasta el momento en que Sorobastro va a... encerrar temporalmente, el demonio de Ariman, y luego en las monta±as de Teran, y luego el ser aliberado, para una lucha final, que llevarß al dÝa del cuicio, en el cual todos serßn buscados por sus acciones, y unos irßn al cielo y otros irßn al infierno, asÝ pensaban los pueblos, que adoraban a los fuego sagrados que encendÝan la tierra, sin que nadie los prendiera. Estos arios van a moverse por muchos lugares, van a llegar por un lado a la tierra, van a llegar por un lado a la india, van a tener tambiÚn otra regi¾n que se llama a Kermani, de esa regi¾n de Kermani, hubo unas gigantescas migraciones y accidentes, que se mezcl¾, esos arios eran de Tesclara, eso se van a mezclar con la gente n¾rdica, y esa mezcla con la gente n¾rdica, va a dar lugar a una raza que es de Tesc muy clara, en un lugar que por el origen Kermani, se va a llamar Germany, y otro llamarÝa en Germania, y de ahÝ es que vienen los arios de la Germania, vienen del paÝs de Irßn, entonces ese paÝs de Irßn, que queda al oriente de la Mesopotamia, los griegos que los que aquÝ llaman a todo el mundo, los van a llamar persas, y ese va a ser el mundo de los persas, los persas son difÝciles de rastrear en la historia porque cambian de nombre cada ratico, pero son los mismos, entonces los griegos a ello los van a llamar persas, y la masa de agua que ba±a las costas, de donde termina persa, los griegos la van a llamar el golfo pÚrsico, y ahÝ estß el golfo pÚrsico, entonces los iranios, que significa ario, con lo cual ellos se designa a sÝ mismos, ellos se conocen a sÝ mismos como iranios, como arios desde el principio de los tiempos, son los griegos los que los van a llamar persas, y ellos a esa regi¾n la llaman Fars, y el idioma que ellos lo llaman FarsÝ, estos pueblos no son semitas, es decir, no participan del tronco com·n, de los pueblos ßraves y judÝos que son semitas, esta gente no es semita, esta gente es el amita, viene de otro combo completamente diferente, y habla otra lengua que la lengua FarsÝ, entonces ellos van a crear un mundo completo, y ellos van a, inclusive ellos van a tener una ciudad maravillosa, que es la ciudad de los persas, que se van a llamar, pues persepolis, porque es la ciudad de los persas, estos tipos se llaman de manera muy distinta, pues tambiÚn se van a llamar partos, y tambiÚn se van a llamar medas, y cuando se enfrentaron a los griegos como se llamaban medas, los griegos lo llamaron las guerras mÚdicas, y cuando se enfrentaron a los romanos, ellos se llaman partos, y asÝ se van a llamar iranios, se van a llamar persas, se van a llamar partos, se van a llamar sasanidas, se van a llamar a quemenidas, se van a llamar iranÝes, pero son el mismo combo, y estßn en el mismo lugar desde el principio de los tiempos. Entonces, esta gente lleg¾ a desarrollar un imperio tan poderoso, que todo el resto del oriente medio fue parte del imperio de ellos. Entonces, en un momento dado hacia los lÝmites del final de lo que llamamos nosotros, la edad antigua, lo que llaman en Occidente la edad antigua, esta gente se va a hacer al combo mayor, entonces el imperio persa va a pasar por todo lado, va a pasar desde un pedazo, y todo va a pasar en las Úpocas de siro y de Alejandro, que son las Úpocas de los a quemenidas, porque era la dinastÝa que menÝa la que se llamaban ellos. En ese momento, que son mßs o menos el a±o 539, que es la Úpoca de siro y el a±o 332, que es la Úpoca... ya cuando va a llegar por ·ltimo a Alejandro, porque a esto le va a poner el tatecueto solamente a Alejandro. Esta gente se va a extender hasta los griegos, en tiempos del imperio griego, y ahÝ es cuando no pueden avanzar mßs ese occidente, y al no poder avanzar mßs en las Úpocas de las batallas de Salamina y de la batalla de la term¾pilas y todo eso, ahÝ es cuando se determina que la historia de Occidente vaya a partir del mundo griego y no del mundo persa. Entonces la historia de oriente va a partir del mundo persa, y los persas van a ser una civilizaci¾n matriz, es decir, una de esas civilizaciones de donde se desprende en todas las demßs, ellos dominaron en la Asia Central, lo que hoy es Afganistßn, hasta el norte de la India y dominaron todo, o sea, dominaron todo el conjunto del medioreiente, form¾ parte de el mundo persa, siendo los persas un pueblo distinto a los pueblos emitas que fueron los que sobre los cuales domin¾. Entonces, como dominaron todo el medioreiente, pues esta gente tambiÚn reino sobre Mesopotamia, y al reinar sobre Mesopotamia le pusieron sus propios nombres, a la Mesopotamia, entonces ellos designaron, ese es el mismo nombre para designar la Mesopotamia, uno le dice en Farsi, esa regi¾n ellos la llamaron, la llamaron por un lado Irßn y por otro lado la llamaron Irak, que es el mismo vocablo, realmente es, significa lo mismo, entonces la historia partirÝa a estos caminos, porque luego estos pueblos que fueron tan grandes fueron el imperio persa sobrevivi¾ hasta la Úpoca en que Alejandro llega, y Alejandro avanza sobre todo a persa y se enamora de persa y despuÚs destruye persÚ, polis ya se hacÝa hasta apabender, y luego cuando Úl se va, es cuando Úl muere, es cuando su general se van a repartir, el imperio de Alejandro, entonces al que le toc¾ la Mesopotamia, ese tipo se llamaba Celeucu, y esa parte se llama el imperio Celeucida por el general descendiente de Alejandro, que estuvo gobernando en la regi¾n de Perse y de Mesopotamia, despuÚs de la muerte de Alejandro, entonces ese tipo va a fundar una ciudad que se llama Celeucu, y por encima de los persas, a los persas eso les va a caer re mal, porque era el sÝmbolo de que estaban siendo dominados por los griegos, lo cual a ellos siempre les parecÝa una artera muy grande, que ellos eran una civilizaci¾n igual de Teanasal a los griegos, y le ha dado una artera muy grande que los fueran a dominar. Entonces, por eso ellos van a destruir despuÚs esa ciudad de Celeucia para borrar esos recuerdos tan aburriores, y le van a poner Tesofonte, que es otra manera de llamarla, que es una manera mßs persa de llamar la ciudad. Esa ciudad la van a conocer como Tesofonte se oscribue con C y con T, entonces, si no, te sofonte. ┐QuÚ en griegos significa lleno de sonido? Toda manera, el griego es una referencia acß. Muy grande, esa ciudad volvi¾ a hacer pesa porque si los persas se recuperaron, ellos cada ratic¾ los coben y les dan duro, y se recuperan y se levantan y vuelven y todo bien. Por eso se llaman distintos caes que los aplastan y vuelven y salen adelante. Entonces los griegos los cogieron, le dieron suave y seco, y luego estos vuelven y se recuperan. DespuÚs de Celeucu y de tu despuÚs de todo eso, y se vuelven el imperio Sazanida, de nuevo. Entonces funda su ciudad de Tesofonte, que es la capital de CeleucÝa. Entonces, un dÝa, cuando lleg¾ la expansi¾n de Lislßn procedente del mundo ßrabe, viviendo desde Damasco, ellos fueron totalmente destruidos de estas ciudades, de Sofonte fue destruida y el imperio Sazanida muere a manos de las invasiones ßraves y las invasiones ßraves que proceden de Damasco. Por eso es que le digo esto, no son ßraves, los persas no son ßraves, no que fueron conquistaron a los ßraves durante toda la antig³edad y fueron conquistados por los ßraves durante la Úpoca de Lislßn. Entonces, son pueblos que se han relacionado a travÚs de las conquistas, pero son pueblos absolutamente diferentes y los persas fueron al mundo ßrabe lo que los griegos al mundo romano. Es decir, los que dieron la base de civilizaci¾n de muchas cosas que los otros convirtieron en magnificencia y en esplendor tambiÚn. Entonces van a llegar los ßraves procedentes de Damasco y van a conquistar totalmente al imperio Sazanida y van a acabar con la capital, porque suera lo que se hacÝa cuando he conquistado un imperio. Y entonces, a la acabar con la capital, estos ßraves que venÝan conquistando este mundo a esa antig³edad que fue leucea, a esa antig³edad que fue de Sofonte, a esa antig³edad la llamaron como actualmente el mundo la conoce Baghdad. Persas fue como le dijeron los griegos a los iranios y los iranios a la palabra percia le decÝan Irßn, que era, digamos, invertido y mßs adelante, un dÝa lector tambiÚn venido el persa del farcÝ, le decÝa a esa misma zona y a la palabra persa le decÝa Irak. Entonces, lo que en un momento dado fue una regi¾n conocida como percia Mesopotamia. Hoy por hoy es Irak y la otra parte que es el paÝs de los arios que los viegos llamaban persas, ellos llaman en su propio idioma Irßn y asÝ quedaron distribuidos y asÝ se llaman actualmente. Entonces, en total esto es un mont¾n de combo que van haciendo en tiempos diferentes y van haciendo regiones diferentes. Entonces, por un lado estß la gente de la Mesopotamia, que son asirios a cadios, un medios, que son persas, que son Babylonios, que es todo ese combo de ahÝ y que es como los griegos los van a ir llamando. Por otro lado, vienen unas civilizaciones que nacen un poco despuÚs, que ya nacen hacia el a±o 1900 antes de Cristo, que estßn en la regi¾n de Irak y en la regi¾n de Judea. Entonces, en la parte norte de la Madan y Irak y Judea, tambiÚn son pueblos ya ya. Hay otros pueblos que son los pueblos de Aram y que de esos pueblos de Aram habÝa una parte que se llama los Suris. Por los Suris al pueblo de Aram los griegos ya bautizaron Siria. Entonces, tambiÚn van haciendo los Sirios y van apareciendo tambiÚn otros pueblos que son los fenicios, que estßn en esa zona que llamarÝan Kanahan. Entonces, aquÝ hay una cantidad de pueblos que van haciendo en diferentes Úpocas. Van haciendo los persas, los judÝos o ahora cuando estamos hablando de la antig³edad, hablamos de Israelitas, hablamos de Sauditas. Y cuando estamos hablando de la actualidad, hablamos de SaudÝes y hablamos de IsraelÝes. En estas Úpocas que estamos describiendo decimos Israelitas, hoy se dice IsraelÝ. En esa Úpoca decÝamos Sauditas, hoy decimos SaudÝ, en la diferencia entre la antig³edad y la modernidad. Todos estos pueblos que nacieron en Úpocas distintas van a lugar a las religiones monoteÝstas, porque es en estas tierras donde estßn las referencias bÝblicas del pueblo de Aram. Pero el pueblo de Abraham lo reivindican tanto los ßrabes como los judÝos, porque para los judÝos Abraham es el padre de Israelitas. Hijo de Sara a travÚs de la cual viene de aescendencia de los patriarcas por Abraham, Israel y Jacob. Y desde los ßrabes Abraham es el padre de Ismael a travÚs de su esclava Agar. Ismael es el padre de los pueblos ßrabes. Entonces, Arab significa desierto, de ahÝ viene Arabia, del desierto. Entonces, ambos dicen desde el punto de vista de los judÝos, Abraham, que Úl dejarÝa la tierra de sus padres, la tierra de sus padres la ubican en Caldea, en Mesopotamia, en la media en una fÚrcil, que Úl dejarÝa la piedra de sus padres, irÝa a la palestina, la tierra prometida y tendrÝa una genera, una descendencia tan numerosa como las arenas del desierto. Y desde los ßrabes, a la le dice lo mismo. Entonces, Úl es el padre fundador de los dos. Y a travÚs de su esclava Agar, porque su hija, su esposa Sara no podÝa tener hijos. Entonces, tuvo un hijo con su esclava Agar, que es Ismael. Y despuÚs de que Ismael naci¾ a Sara, que d¾ embarazada unos hombres, vinieron y anunciaron el embarazo de Sara, pero ya no podÝa creerlo, porque ya estaba pasada de edad sin embargo se hizo sobre ella, el milagro, y van a ser Isaac. Y por ahÝ viene la descendencia judÝa. Todos estos pueblos, los ßrabes y los judÝos, vienen seg·n las historias en la octava generaci¾n vendrÝa noÚ, y no es el que va a contar la historia de la arca, y el arca es la que se va a detener sobre el Monte Ararat, que es el que queda en los lÝmites de lo que hoy es TurquÝa, Armenia e Irßn, y que es el Monte Sagrado. Allß estaba el Monte Ararat, entonces resulta que en ese momento noÚ la famosa historia, Úl tenÝa tres hijos, Cam, Sam y Afez, y cuentan que una noche noÚ, se emborraci¾ y se llamaron, y entonces dos hijos se burlaron de Úl, y que estaban completamente desinocionados y no burlarse de Úl, y uno de ellos se solidariz¾ con Úl, y fue chevere con Úl, Úl que se solidariz¾, Úl entendi¾ esa solidaridad como algo muy valioso, y Úl le dio la descendencia, Úl que se solidariza con Úl, es Sam, y los que vienen de ahÝ son semitas, como es el tronco como un diabro amestre, es la octava generaci¾n desde Adßn, sÝ, desde Adßn que es el que reconoce anvos tambiÚn, digamos, el tronco ßrabe y el tronco judÝos, Úl mismo desde los comienzos, y luego se parte, entonces en la octava generaci¾n desde Adßn, que es cuando aparece nueve, uno de esos hijos va a tener la descendencia, es que va a tener la descendencia, es Sam, los pueblos que vienen de Sam son semitas, ßraves y judÝos tienen el tronco como un deserse mitas, y ßraves y judÝos se reivindican como descendientes de Abraham, los ßraves a travÚs de Agar e Ismael, los judÝos a travÚs de Sara e Isahak, tienen troncos como les¾n hermanos y sus lenguas son muy parecidas, entonces todos estos pueblos van a aparecer en diferentes tiempos y en diferentes geografÝas, pero los van a unir diferentes cosas en la historia, por ejemplo, cuando el imperio persa se extiende sobre todo el combo, todo el mundo va a formar parte del imperio persa, aunque sean pueblos distintos, y aunque hable en otras lenguas, y aunque estÚn ahÝ antes o despuÚs de los persas igual, los persas les pasan por encima, porque ellos van a ser los duro de la antig³edad, y mßs adelante, despuÚs de que el tiempo de los persas ha pasado el gran tiempo de los akemenÝas y los asanÝas y todo eso, despuÚs de que Alejandro pas¾ hoy por allß y los acab¾ como imperio, despuÚs de todo eso, cuando vienen, despuÚs del 622, la soleada de Islam, todos estos pueblos van a quedar cubiertos bajo una misma sombrilla, que la sombrilla del mundo musulman, que es donde actualmente estßn, entonces los persas o iranios o iranÝes, son musulmanes, pero no son ßrabes y no hablan ßrabes, hablan falsÝ, son distintos, pero si son musulmanes, no son musulmanes unitas, como la mayorÝa del mundo ßrabe, son musulmanes chitas, porque tiene su propia y particular versi¾n del Islam, porque todo lo persa es propio y particular, son un pueblo con una identidad muy diferente a los demßs pueblos que tienen, pero estßn metidos entre la misma regi¾n, toda la identidad que ellos tienen, la manera como ellos han enfocado su mundo, su vida, su cotidianidad, sus fertilidades, su concepto de los valores de la vida, desde los tiempos, desde las Úpocas en que ellos describÝan sus lagos y sus rÝos y sus desiertos, hasta las Úpocas en que llega el Islam iban a describir el concepto de la b·squeda interior, estßn plasmados en los tapetes, ellos desarrollaron una tÚcnica de tapete, que es como una especie de pintura, viva, pero tejida, de lo que ha sido su paso por el mundo, los demßs pueblos fueron lentamente asimilando esta tÚcnica, pero es persa, esos tejidos a travÚs de los cuales ellos amarraron su testimonio sobre la historia, que fueron llevados por los camillos por todos los confines de este gigantesco imperio, fueron despuÚs tomados por los demßs, sus tÚcnicas detenidos, la introducci¾n de los hilos de ceda, las grandes ciudades, caixgar, com, donde fueron naciendo, todos estos, estas diferentes tÚcnicas milenarias, serÝan despuÚs una de las razones por las cuales el mundo va a conocer a esta gente, porque asÝ como los cuadros y la pintura, grafic¾ la fe del mundo occidental durante el medio hebo y el renacimiento, los tapetes persas, grafican la historia del paso de esta civilizaci¾n por el tiempo, y como viajan en los camillos muchÝsimas culturas, nomadas, van a dar testimonio de la existencia de este pueblo a travÚs de sus tapetes, a travÚs de sus tejidos y a travÚs de sus texturas. Cuando llegue a Islam, los tapetes tendrßn las formas de las c·pulas de las mesquitas, los tapetes tienen las formas de la b·squeda de los suficios de la sabidurÝa interior, los tapetes son los lÝmites dentro de los cuales se da la vida, y los colores son los valores de la paz, de la alma, de la sabidurÝa, y los centros de los tapetes indican el conocimiento de sÝ mismo, una especie de flor que se llama la toransh. AllÝ en esa flor que se llama la toransh, que no es ning·n lugar, sino un estado de alma, allÝ es no de ese plasmal centro del final de la b·squeda, de sÝ mismo, que es el recorrido de un tapete persa, cuando Alejandro lleg¾ al tiempo de los persas, se le decÝa que habÝa un fruto sagrado que al convertÝa los hombres en sabios que se llamaba la toransh, mand¾ a miles de hombres a buscar la toransh, decÝan que un solo hombre la habÝa conocido, y cuando llegaron ese hombre no se la habÝa comido en ninguna parte, habÝa descubierto el conocimiento de sÝ mismo, la toransh estaba en el centro de su coraz¾n, eso se describen en el centro de los tapetes como una gran flor, alrededor de la cual hay dos flores, un poco mßs peque±as, y todo el tapete, en cualquier lugar donde usted lo mire, lleva hacia ese centro de la toransh, porque es el conocimiento de sÝ mismo, y los bordes y los lÝmites son las edades en que el alma ha venido creciendo, y los lÝmites que la vida va imponiendo, y las flores son las oportunidades que la vida va dando, a medida que se navega en el inmenso camino del conocimiento a sÝ mismo, y eso es un tapete persa, y eso es lo que va viajando, se hacÝan en telares se hacen, porque la tÚcnica es igual, hace 5.000 a±os, se hacen en telares verticales, que son los que van a poderse desdoblar, y todo eso se van a poder llevar, esos son los tapetes tribales, o se hacen en grandes telares que son los tapetes de corte, que son los que tienen toransh y todo, porque son mucho mßs grandes, ellos graficaron su mundo a travÚs de esos tapetes, son como imßgenes, como especies de testimonios de lo que ellos son, entonces todo esto pasa en el medio oriental, pasan todas estas cosas, vuelan los tapetes en alfombras, viene a Abraham, y viene Isaac, y viene Jacob, viene Ismael y es padre de los ßrabes, vienen los cananeos, vienen los fenicios, y de los fenicios tambiÚn se hablaba de la leyenda de la befÚnix, vienen los pueblos de la palestina, en lo que se llama Canaan, vienen los pueblos iranios, vienen los acadios, los sumerios, los asirios, vienen los testimonios de la civilizaci¾n humana, vienen las tablillas con ediformes, vienen el primer c¾digo Útico, el c¾digo de Amurabi, que es el primero que sienta las bases de un concepto de codificaci¾n social, viene el primer imperio que va a tener un sistema de administraci¾n, claramente organizado con sistemas tributarios que va a tener una administraci¾n centralizada, que es el imperio persa, en lo que se van a llamar las atrapÝas, entonces la historia de esta regi¾n es como un tejido, aunque cada uno venga de un color y una fuente distinta, van a quedar tejidos sobre un mismo tapiz, ese tapiz se puede llamar el imperio persa, ese tapiz se puede llamar la venida del Islam, ese tapiz se puede llamar la regi¾n del medioreiente, pero a veces la historia los une y los engloba bajo un mismo tejido, aunque cada uno de ellos sea de una figura diferente, es una regi¾n tremendamente heterodoxa y diversa, donde se han dado concepciones trascendentales, del mundo y de los sagrados, y es en esa regi¾n donde nos vamos a entrar en su magia, en su magnificencia, en su conocimiento, en su esplendor, tambiÚn en sus conflictos, tambiÚn en sus miserias, pero sobre todo en su grandeza. Y esa es eso, a este pec, a este digamos lo que estamos haciendo hoy es como una brevoca, es una mirada, asÝ por ensimita como si estuvieramos volando, haciendo una vista aÚrea de la regi¾n del medioreiente, para luego entrar en el mundo de los libaneses, de los fenicios, de los iranios, de toda la gente de la Mesopotamia, y recogiendo cada una de esas historias, para hacer el inmenso tejido, que es el mundo del medioreiente, y a eso los estamos invitando, y hoy estamos arrancando la serie, que nos meterß en los paÝses, en el Golfo Persi, con el paÝs de los dorridos, en el Marrojo, en todas estas aguas, y en todos estos pozos, por donde las carabanas han trassegado a lo largo de los siglos, en la ruta del Incienzo, de la Arabia feliz, hoy paÝs de Yemen, en todos estos lugares, tan mßgicos y tan evocadores, de donde el mundo ha contemplado, el concepto de los sagrados. Entonces, desde los espacios de la media alumna fÚrtil, desde el monte de Ararat, llamado el bonte del dolor, desde el rÝo delicioso de Leufrates, desde la flecha sagrada del Tigris, desde las aguas que ba±an el Golfo Persico, desde los grandes desiertos y las llanuras, desde las mesetas irßneas, desde las historias contadas en los tapetes, desde la magnificencia y salas habidurÝa, que los pueblos del desierto van a dar a la humanidad, en la narraci¾n de AnaurÝ, en la asistencia tÚcnica CÚsar Moreno, y para ustedes, feliz domingo.
Descargando imßgenes...
Traceback (most recent call last):
  File "C:\Users\PC\Documents\code\Audio a video\yt_audio_env\Lib\site-packages\urllib3\connection.py", line 198, in _new_conn
    sock = connection.create_connection(
        (self._dns_host, self.port),
    ...<2 lines>...
        socket_options=self.socket_options,
    )
  File "C:\Users\PC\Documents\code\Audio a video\yt_audio_env\Lib\site-packages\urllib3\util\connection.py", line 60, in create_connection
    for res in socket.getaddrinfo(host, port, family, socket.SOCK_STREAM):
               ~~~~~~~~~~~~~~~~~~^^^^^^^^^^^^^^^^^^^^^^^^^^^^^^^^^^^^^^^^
  File "C:\Program Files\WindowsApps\PythonSoftwareFoundation.Python.3.13_3.13.1008.0_x64__qbz5n2kfra8p0\Lib\socket.py", line 977, in getaddrinfo
    for res in _socket.getaddrinfo(host, port, family, type, proto, flags):
               ~~~~~~~~~~~~~~~~~~~^^^^^^^^^^^^^^^^^^^^^^^^^^^^^^^^^^^^^^^^
socket.gaierror: [Errno 11001] getaddrinfo failed

The above exception was the direct cause of the following exception:

Traceback (most recent call last):
  File "C:\Users\PC\Documents\code\Audio a video\yt_audio_env\Lib\site-packages\urllib3\connectionpool.py", line 787, in urlopen
    response = self._make_request(
        conn,
    ...<10 lines>...
        **response_kw,
    )
  File "C:\Users\PC\Documents\code\Audio a video\yt_audio_env\Lib\site-packages\urllib3\connectionpool.py", line 488, in _make_request
    raise new_e
  File "C:\Users\PC\Documents\code\Audio a video\yt_audio_env\Lib\site-packages\urllib3\connectionpool.py", line 464, in _make_request
    self._validate_conn(conn)
    ~~~~~~~~~~~~~~~~~~~^^^^^^
  File "C:\Users\PC\Documents\code\Audio a video\yt_audio_env\Lib\site-packages\urllib3\connectionpool.py", line 1093, in _validate_conn
    conn.connect()
    ~~~~~~~~~~~~^^
  File "C:\Users\PC\Documents\code\Audio a video\yt_audio_env\Lib\site-packages\urllib3\connection.py", line 704, in connect
    self.sock = sock = self._new_conn()
                       ~~~~~~~~~~~~~~^^
  File "C:\Users\PC\Documents\code\Audio a video\yt_audio_env\Lib\site-packages\urllib3\connection.py", line 205, in _new_conn
    raise NameResolutionError(self.host, self, e) from e
urllib3.exceptions.NameResolutionError: <urllib3.connection.HTTPSConnection object at 0x000001F168DE11D0>: Failed to resolve 'via.placeholder.com' ([Errno 11001] getaddrinfo failed)

The above exception was the direct cause of the following exception:

Traceback (most recent call last):
  File "C:\Users\PC\Documents\code\Audio a video\yt_audio_env\Lib\site-packages\requests\adapters.py", line 667, in send
    resp = conn.urlopen(
        method=request.method,
    ...<9 lines>...
        chunked=chunked,
    )
  File "C:\Users\PC\Documents\code\Audio a video\yt_audio_env\Lib\site-packages\urllib3\connectionpool.py", line 841, in urlopen
    retries = retries.increment(
        method, url, error=new_e, _pool=self, _stacktrace=sys.exc_info()[2]
    )
  File "C:\Users\PC\Documents\code\Audio a video\yt_audio_env\Lib\site-packages\urllib3\util\retry.py", line 519, in increment
    raise MaxRetryError(_pool, url, reason) from reason  # type: ignore[arg-type]
    ^^^^^^^^^^^^^^^^^^^^^^^^^^^^^^^^^^^^^^^^^^^^^^^^^^^
urllib3.exceptions.MaxRetryError: HTTPSConnectionPool(host='via.placeholder.com', port=443): Max retries exceeded with url: /1280x720.png?text=Cristobal+Colon (Caused by NameResolutionError("<urllib3.connection.HTTPSConnection object at 
0x000001F168DE11D0>: Failed to resolve 'via.placeholder.com' ([Errno 11001] getaddrinfo failed)"))

During handling of the above exception, another exception occurred:

Traceback (most recent call last):
  File "C:\Users\PC\Documents\code\Audio a video\code\Try2.py", line 49, in <module>
    r = requests.get(url)
  File "C:\Users\PC\Documents\code\Audio a video\yt_audio_env\Lib\site-packages\requests\api.py", line 73, in get
    return request("get", url, params=params, **kwargs)
  File "C:\Users\PC\Documents\code\Audio a video\yt_audio_env\Lib\site-packages\requests\api.py", line 59, in request
    return session.request(method=method, url=url, **kwargs)
           ~~~~~~~~~~~~~~~^^^^^^^^^^^^^^^^^^^^^^^^^^^^^^^^^^
  File "C:\Users\PC\Documents\code\Audio a video\yt_audio_env\Lib\site-packages\requests\sessions.py", line 589, in request
    resp = self.send(prep, **send_kwargs)
  File "C:\Users\PC\Documents\code\Audio a video\yt_audio_env\Lib\site-packages\requests\sessions.py", line 703, in send
    r = adapter.send(request, **kwargs)
  File "C:\Users\PC\Documents\code\Audio a video\yt_audio_env\Lib\site-packages\requests\adapters.py", line 700, in send
    raise ConnectionError(e, request=request)
requests.exceptions.ConnectionError: HTTPSConnectionPool(host='via.placeholder.com', port=443): Max retries exceeded with url: /1280x720.png?text=Cristobal+Colon (Caused by NameResolutionError("<urllib3.connection.HTTPSConnection object at 
0x000001F168DE11D0>: Failed to resolve 'via.placeholder.com' ([Errno 11001] getaddrinfo failed)"))
